<?xml version="1.0" encoding="UTF-8"?>
<!-- Generated by org.testng.reporters.JUnitXMLReporter -->
<testsuite ignored="2" hostname="DESKTOP-5GNNL0S" failures="0" tests="1" name="Test" time="12.331" errors="0" timestamp="2024-01-09T10:56:23 IST">
  <testcase classname="com.store.Testcases.TC_ProductPageTest" name="verifyAddToWishlistWithoutLogin" time="3.758"/>
  <testcase classname="com.store.Testcases.TC_ProductPageTest" name="VerifySearchProduct" time="0.0">
    <ignored/>
  </testcase> <!-- VerifySearchProduct -->
  <testcase classname="com.store.Testcases.TC_ProductPageTest" name="VerifyBuyProduct" time="0.0">
    <ignored/>
  </testcase> <!-- VerifyBuyProduct -->
</testsuite> <!-- Test -->
