<?xml version="1.0" encoding="UTF-8"?>
<testng-results ignored="0" total="1" passed="1" failed="0" skipped="0">
  <reporter-output>
  </reporter-output>
  <suite started-at="2024-01-09T10:56:10 IST" name="Suite" finished-at="2024-01-09T10:56:22 IST" duration-ms="12331">
    <groups>
    </groups>
    <test started-at="2024-01-09T10:56:10 IST" name="Test" finished-at="2024-01-09T10:56:22 IST" duration-ms="12331">
      <class name="com.store.Testcases.TC_ProductPageTest">
        <test-method is-config="true" signature="setup()[pri:0, instance:com.store.Testcases.TC_ProductPageTest@397fbdb]" started-at="2024-01-09T10:56:10 IST" name="setup" finished-at="2024-01-09T10:56:18 IST" duration-ms="7831" status="PASS">
          <reporter-output>
          </reporter-output>
        </test-method> <!-- setup -->
        <test-method signature="verifyAddToWishlistWithoutLogin()[pri:0, instance:com.store.Testcases.TC_ProductPageTest@397fbdb]" started-at="2024-01-09T10:56:18 IST" name="verifyAddToWishlistWithoutLogin" finished-at="2024-01-09T10:56:22 IST" duration-ms="3758" status="PASS">
          <reporter-output>
          </reporter-output>
        </test-method> <!-- verifyAddToWishlistWithoutLogin -->
        <test-method is-config="true" signature="tearDown()[pri:0, instance:com.store.Testcases.TC_ProductPageTest@397fbdb]" started-at="2024-01-09T10:56:22 IST" name="tearDown" finished-at="2024-01-09T10:56:22 IST" duration-ms="445" status="PASS">
          <reporter-output>
          </reporter-output>
        </test-method> <!-- tearDown -->
      </class> <!-- com.store.Testcases.TC_ProductPageTest -->
    </test> <!-- Test -->
  </suite> <!-- Suite -->
</testng-results>
